\BOOKMARK [0][-]{chapter*.1}{Preface}{}% 1
\BOOKMARK [0][-]{chapter.0}{The way of the program}{}% 2
\BOOKMARK [1][-]{section.0.1}{The Python programming language}{chapter.0}% 3
\BOOKMARK [1][-]{section.0.2}{What is a program?}{chapter.0}% 4
\BOOKMARK [1][-]{section.0.3}{What is debugging?}{chapter.0}% 5
\BOOKMARK [1][-]{section.0.4}{Formal and natural languages}{chapter.0}% 6
\BOOKMARK [1][-]{section.0.5}{The first program}{chapter.0}% 7
\BOOKMARK [1][-]{section.0.6}{Debugging}{chapter.0}% 8
\BOOKMARK [1][-]{section.0.7}{Glossary}{chapter.0}% 9
\BOOKMARK [1][-]{section.0.8}{Exercises}{chapter.0}% 10
\BOOKMARK [0][-]{chapter.1}{Variables, expressions and statements}{}% 11
\BOOKMARK [1][-]{section.1.1}{Values and types}{chapter.1}% 12
\BOOKMARK [1][-]{section.1.2}{Variables}{chapter.1}% 13
\BOOKMARK [1][-]{section.1.3}{Variable names and keywords}{chapter.1}% 14
\BOOKMARK [1][-]{section.1.4}{Operators and operands}{chapter.1}% 15
\BOOKMARK [1][-]{section.1.5}{Expressions and statements}{chapter.1}% 16
\BOOKMARK [1][-]{section.1.6}{Interactive mode and script mode}{chapter.1}% 17
\BOOKMARK [1][-]{section.1.7}{Order of operations}{chapter.1}% 18
\BOOKMARK [1][-]{section.1.8}{String operations}{chapter.1}% 19
\BOOKMARK [1][-]{section.1.9}{Comments}{chapter.1}% 20
\BOOKMARK [1][-]{section.1.10}{Debugging}{chapter.1}% 21
\BOOKMARK [1][-]{section.1.11}{Glossary}{chapter.1}% 22
\BOOKMARK [1][-]{section.1.12}{Exercises}{chapter.1}% 23
\BOOKMARK [0][-]{chapter.2}{Functions}{}% 24
\BOOKMARK [1][-]{section.2.1}{Function calls}{chapter.2}% 25
\BOOKMARK [1][-]{section.2.2}{Type conversion functions}{chapter.2}% 26
\BOOKMARK [1][-]{section.2.3}{Math functions}{chapter.2}% 27
\BOOKMARK [1][-]{section.2.4}{Composition}{chapter.2}% 28
\BOOKMARK [1][-]{section.2.5}{Adding new functions}{chapter.2}% 29
\BOOKMARK [1][-]{section.2.6}{Definitions and uses}{chapter.2}% 30
\BOOKMARK [1][-]{section.2.7}{Flow of execution}{chapter.2}% 31
\BOOKMARK [1][-]{section.2.8}{Parameters and arguments}{chapter.2}% 32
\BOOKMARK [1][-]{section.2.9}{Variables and parameters are local}{chapter.2}% 33
\BOOKMARK [1][-]{section.2.10}{Stack diagrams}{chapter.2}% 34
\BOOKMARK [1][-]{section.2.11}{Fruitful functions and void functions}{chapter.2}% 35
\BOOKMARK [1][-]{section.2.12}{Why functions?}{chapter.2}% 36
\BOOKMARK [1][-]{section.2.13}{Importing with from}{chapter.2}% 37
\BOOKMARK [1][-]{section.2.14}{Debugging}{chapter.2}% 38
\BOOKMARK [1][-]{section.2.15}{Glossary}{chapter.2}% 39
\BOOKMARK [1][-]{section.2.16}{Exercises}{chapter.2}% 40
\BOOKMARK [0][-]{chapter.3}{Case study: interface design}{}% 41
\BOOKMARK [1][-]{section.3.1}{TurtleWorld}{chapter.3}% 42
\BOOKMARK [1][-]{section.3.2}{Simple repetition}{chapter.3}% 43
\BOOKMARK [1][-]{section.3.3}{Exercises}{chapter.3}% 44
\BOOKMARK [1][-]{section.3.4}{Encapsulation}{chapter.3}% 45
\BOOKMARK [1][-]{section.3.5}{Generalization}{chapter.3}% 46
\BOOKMARK [1][-]{section.3.6}{Interface design}{chapter.3}% 47
\BOOKMARK [1][-]{section.3.7}{Refactoring}{chapter.3}% 48
\BOOKMARK [1][-]{section.3.8}{A development plan}{chapter.3}% 49
\BOOKMARK [1][-]{section.3.9}{docstring}{chapter.3}% 50
\BOOKMARK [1][-]{section.3.10}{Debugging}{chapter.3}% 51
\BOOKMARK [1][-]{section.3.11}{Glossary}{chapter.3}% 52
\BOOKMARK [1][-]{section.3.12}{Exercises}{chapter.3}% 53
\BOOKMARK [0][-]{chapter.4}{Conditionals and recursion}{}% 54
\BOOKMARK [1][-]{section.4.1}{Modulus operator}{chapter.4}% 55
\BOOKMARK [1][-]{section.4.2}{Boolean expressions}{chapter.4}% 56
\BOOKMARK [1][-]{section.4.3}{Logical operators}{chapter.4}% 57
\BOOKMARK [1][-]{section.4.4}{Conditional execution}{chapter.4}% 58
\BOOKMARK [1][-]{section.4.5}{Alternative execution}{chapter.4}% 59
\BOOKMARK [1][-]{section.4.6}{Chained conditionals}{chapter.4}% 60
\BOOKMARK [1][-]{section.4.7}{Nested conditionals}{chapter.4}% 61
\BOOKMARK [1][-]{section.4.8}{Recursion}{chapter.4}% 62
\BOOKMARK [1][-]{section.4.9}{Stack diagrams for recursive functions}{chapter.4}% 63
\BOOKMARK [1][-]{section.4.10}{Infinite recursion}{chapter.4}% 64
\BOOKMARK [1][-]{section.4.11}{Keyboard input}{chapter.4}% 65
\BOOKMARK [1][-]{section.4.12}{Debugging}{chapter.4}% 66
\BOOKMARK [1][-]{section.4.13}{Glossary}{chapter.4}% 67
\BOOKMARK [1][-]{section.4.14}{Exercises}{chapter.4}% 68
\BOOKMARK [0][-]{chapter.5}{Fruitful functions}{}% 69
\BOOKMARK [1][-]{section.5.1}{Return values}{chapter.5}% 70
\BOOKMARK [1][-]{section.5.2}{Incremental development}{chapter.5}% 71
\BOOKMARK [1][-]{section.5.3}{Composition}{chapter.5}% 72
\BOOKMARK [1][-]{section.5.4}{Boolean functions}{chapter.5}% 73
\BOOKMARK [1][-]{section.5.5}{More recursion}{chapter.5}% 74
\BOOKMARK [1][-]{section.5.6}{Leap of faith}{chapter.5}% 75
\BOOKMARK [1][-]{section.5.7}{One more example}{chapter.5}% 76
\BOOKMARK [1][-]{section.5.8}{Checking types}{chapter.5}% 77
\BOOKMARK [1][-]{section.5.9}{Debugging}{chapter.5}% 78
\BOOKMARK [1][-]{section.5.10}{Glossary}{chapter.5}% 79
\BOOKMARK [1][-]{section.5.11}{Exercises}{chapter.5}% 80
\BOOKMARK [0][-]{chapter.6}{Iteration}{}% 81
\BOOKMARK [1][-]{section.6.1}{Multiple assignment}{chapter.6}% 82
\BOOKMARK [1][-]{section.6.2}{Updating variables}{chapter.6}% 83
\BOOKMARK [1][-]{section.6.3}{The while statement}{chapter.6}% 84
\BOOKMARK [1][-]{section.6.4}{break}{chapter.6}% 85
\BOOKMARK [1][-]{section.6.5}{Square roots}{chapter.6}% 86
\BOOKMARK [1][-]{section.6.6}{Algorithms}{chapter.6}% 87
\BOOKMARK [1][-]{section.6.7}{Debugging}{chapter.6}% 88
\BOOKMARK [1][-]{section.6.8}{Glossary}{chapter.6}% 89
\BOOKMARK [1][-]{section.6.9}{Exercises}{chapter.6}% 90
\BOOKMARK [0][-]{chapter.7}{Strings}{}% 91
\BOOKMARK [1][-]{section.7.1}{A string is a sequence}{chapter.7}% 92
\BOOKMARK [1][-]{section.7.2}{len}{chapter.7}% 93
\BOOKMARK [1][-]{section.7.3}{Traversal with a for loop}{chapter.7}% 94
\BOOKMARK [1][-]{section.7.4}{String slices}{chapter.7}% 95
\BOOKMARK [1][-]{section.7.5}{Strings are immutable}{chapter.7}% 96
\BOOKMARK [1][-]{section.7.6}{Searching}{chapter.7}% 97
\BOOKMARK [1][-]{section.7.7}{Looping and counting}{chapter.7}% 98
\BOOKMARK [1][-]{section.7.8}{String methods}{chapter.7}% 99
\BOOKMARK [1][-]{section.7.9}{The in operator}{chapter.7}% 100
\BOOKMARK [1][-]{section.7.10}{String comparison}{chapter.7}% 101
\BOOKMARK [1][-]{section.7.11}{Debugging}{chapter.7}% 102
\BOOKMARK [1][-]{section.7.12}{Glossary}{chapter.7}% 103
\BOOKMARK [1][-]{section.7.13}{Exercises}{chapter.7}% 104
\BOOKMARK [0][-]{chapter.8}{Case study: word play}{}% 105
\BOOKMARK [1][-]{section.8.1}{Reading word lists}{chapter.8}% 106
\BOOKMARK [1][-]{section.8.2}{Exercises}{chapter.8}% 107
\BOOKMARK [1][-]{section.8.3}{Search}{chapter.8}% 108
\BOOKMARK [1][-]{section.8.4}{Looping with indices}{chapter.8}% 109
\BOOKMARK [1][-]{section.8.5}{Debugging}{chapter.8}% 110
\BOOKMARK [1][-]{section.8.6}{Glossary}{chapter.8}% 111
\BOOKMARK [1][-]{section.8.7}{Exercises}{chapter.8}% 112
\BOOKMARK [0][-]{chapter.9}{Lists}{}% 113
\BOOKMARK [1][-]{section.9.1}{A list is a sequence}{chapter.9}% 114
\BOOKMARK [1][-]{section.9.2}{Lists are mutable}{chapter.9}% 115
\BOOKMARK [1][-]{section.9.3}{Traversing a list}{chapter.9}% 116
\BOOKMARK [1][-]{section.9.4}{List operations}{chapter.9}% 117
\BOOKMARK [1][-]{section.9.5}{List slices}{chapter.9}% 118
\BOOKMARK [1][-]{section.9.6}{List methods}{chapter.9}% 119
\BOOKMARK [1][-]{section.9.7}{Map, filter and reduce}{chapter.9}% 120
\BOOKMARK [1][-]{section.9.8}{Deleting elements}{chapter.9}% 121
\BOOKMARK [1][-]{section.9.9}{Lists and strings}{chapter.9}% 122
\BOOKMARK [1][-]{section.9.10}{Objects and values}{chapter.9}% 123
\BOOKMARK [1][-]{section.9.11}{Aliasing}{chapter.9}% 124
\BOOKMARK [1][-]{section.9.12}{List arguments}{chapter.9}% 125
\BOOKMARK [1][-]{section.9.13}{Debugging}{chapter.9}% 126
\BOOKMARK [1][-]{section.9.14}{Glossary}{chapter.9}% 127
\BOOKMARK [1][-]{section.9.15}{Exercises}{chapter.9}% 128
\BOOKMARK [0][-]{chapter.10}{Dictionaries}{}% 129
\BOOKMARK [1][-]{section.10.1}{Dictionary as a set of counters}{chapter.10}% 130
\BOOKMARK [1][-]{section.10.2}{Looping and dictionaries}{chapter.10}% 131
\BOOKMARK [1][-]{section.10.3}{Reverse lookup}{chapter.10}% 132
\BOOKMARK [1][-]{section.10.4}{Dictionaries and lists}{chapter.10}% 133
\BOOKMARK [1][-]{section.10.5}{Memos}{chapter.10}% 134
\BOOKMARK [1][-]{section.10.6}{Global variables}{chapter.10}% 135
\BOOKMARK [1][-]{section.10.7}{Long integers}{chapter.10}% 136
\BOOKMARK [1][-]{section.10.8}{Debugging}{chapter.10}% 137
\BOOKMARK [1][-]{section.10.9}{Glossary}{chapter.10}% 138
\BOOKMARK [1][-]{section.10.10}{Exercises}{chapter.10}% 139
\BOOKMARK [0][-]{chapter.11}{Tuples}{}% 140
\BOOKMARK [1][-]{section.11.1}{Tuples are immutable}{chapter.11}% 141
\BOOKMARK [1][-]{section.11.2}{Tuple assignment}{chapter.11}% 142
\BOOKMARK [1][-]{section.11.3}{Tuples as return values}{chapter.11}% 143
\BOOKMARK [1][-]{section.11.4}{Variable-length argument tuples}{chapter.11}% 144
\BOOKMARK [1][-]{section.11.5}{Lists and tuples}{chapter.11}% 145
\BOOKMARK [1][-]{section.11.6}{Dictionaries and tuples}{chapter.11}% 146
\BOOKMARK [1][-]{section.11.7}{Comparing tuples}{chapter.11}% 147
\BOOKMARK [1][-]{section.11.8}{Sequences of sequences}{chapter.11}% 148
\BOOKMARK [1][-]{section.11.9}{Debugging}{chapter.11}% 149
\BOOKMARK [1][-]{section.11.10}{Glossary}{chapter.11}% 150
\BOOKMARK [1][-]{section.11.11}{Exercises}{chapter.11}% 151
\BOOKMARK [0][-]{chapter.12}{Case study: data structure selection}{}% 152
\BOOKMARK [1][-]{section.12.1}{Word frequency analysis}{chapter.12}% 153
\BOOKMARK [1][-]{section.12.2}{Random numbers}{chapter.12}% 154
\BOOKMARK [1][-]{section.12.3}{Word histogram}{chapter.12}% 155
\BOOKMARK [1][-]{section.12.4}{Most common words}{chapter.12}% 156
\BOOKMARK [1][-]{section.12.5}{Optional parameters}{chapter.12}% 157
\BOOKMARK [1][-]{section.12.6}{Dictionary subtraction}{chapter.12}% 158
\BOOKMARK [1][-]{section.12.7}{Random words}{chapter.12}% 159
\BOOKMARK [1][-]{section.12.8}{Markov analysis}{chapter.12}% 160
\BOOKMARK [1][-]{section.12.9}{Data structures}{chapter.12}% 161
\BOOKMARK [1][-]{section.12.10}{Debugging}{chapter.12}% 162
\BOOKMARK [1][-]{section.12.11}{Glossary}{chapter.12}% 163
\BOOKMARK [1][-]{section.12.12}{Exercises}{chapter.12}% 164
\BOOKMARK [0][-]{chapter.13}{Files}{}% 165
\BOOKMARK [1][-]{section.13.1}{Persistence}{chapter.13}% 166
\BOOKMARK [1][-]{section.13.2}{Reading and writing}{chapter.13}% 167
\BOOKMARK [1][-]{section.13.3}{Format operator}{chapter.13}% 168
\BOOKMARK [1][-]{section.13.4}{Filenames and paths}{chapter.13}% 169
\BOOKMARK [1][-]{section.13.5}{Catching exceptions}{chapter.13}% 170
\BOOKMARK [1][-]{section.13.6}{Databases}{chapter.13}% 171
\BOOKMARK [1][-]{section.13.7}{Pickling}{chapter.13}% 172
\BOOKMARK [1][-]{section.13.8}{Pipes}{chapter.13}% 173
\BOOKMARK [1][-]{section.13.9}{Writing modules}{chapter.13}% 174
\BOOKMARK [1][-]{section.13.10}{Debugging}{chapter.13}% 175
\BOOKMARK [1][-]{section.13.11}{Glossary}{chapter.13}% 176
\BOOKMARK [1][-]{section.13.12}{Exercises}{chapter.13}% 177
\BOOKMARK [0][-]{chapter.14}{Classes and objects}{}% 178
\BOOKMARK [1][-]{section.14.1}{User-defined types}{chapter.14}% 179
\BOOKMARK [1][-]{section.14.2}{Attributes}{chapter.14}% 180
\BOOKMARK [1][-]{section.14.3}{Rectangles}{chapter.14}% 181
\BOOKMARK [1][-]{section.14.4}{Instances as return values}{chapter.14}% 182
\BOOKMARK [1][-]{section.14.5}{Objects are mutable}{chapter.14}% 183
\BOOKMARK [1][-]{section.14.6}{Copying}{chapter.14}% 184
\BOOKMARK [1][-]{section.14.7}{Debugging}{chapter.14}% 185
\BOOKMARK [1][-]{section.14.8}{Glossary}{chapter.14}% 186
\BOOKMARK [1][-]{section.14.9}{Exercises}{chapter.14}% 187
\BOOKMARK [0][-]{chapter.15}{Classes and functions}{}% 188
\BOOKMARK [1][-]{section.15.1}{Time}{chapter.15}% 189
\BOOKMARK [1][-]{section.15.2}{Pure functions}{chapter.15}% 190
\BOOKMARK [1][-]{section.15.3}{Modifiers}{chapter.15}% 191
\BOOKMARK [1][-]{section.15.4}{Prototyping versus planning}{chapter.15}% 192
\BOOKMARK [1][-]{section.15.5}{Debugging}{chapter.15}% 193
\BOOKMARK [1][-]{section.15.6}{Glossary}{chapter.15}% 194
\BOOKMARK [1][-]{section.15.7}{Exercises}{chapter.15}% 195
\BOOKMARK [0][-]{chapter.16}{Classes and methods}{}% 196
\BOOKMARK [1][-]{section.16.1}{Object-oriented features}{chapter.16}% 197
\BOOKMARK [1][-]{section.16.2}{Printing objects}{chapter.16}% 198
\BOOKMARK [1][-]{section.16.3}{Another example}{chapter.16}% 199
\BOOKMARK [1][-]{section.16.4}{A more complicated example}{chapter.16}% 200
\BOOKMARK [1][-]{section.16.5}{The init method}{chapter.16}% 201
\BOOKMARK [1][-]{section.16.6}{The \137\137str\137\137 method}{chapter.16}% 202
\BOOKMARK [1][-]{section.16.7}{Operator overloading}{chapter.16}% 203
\BOOKMARK [1][-]{section.16.8}{Type-based dispatch}{chapter.16}% 204
\BOOKMARK [1][-]{section.16.9}{Polymorphism}{chapter.16}% 205
\BOOKMARK [1][-]{section.16.10}{Debugging}{chapter.16}% 206
\BOOKMARK [1][-]{section.16.11}{Interface and implementation}{chapter.16}% 207
\BOOKMARK [1][-]{section.16.12}{Glossary}{chapter.16}% 208
\BOOKMARK [1][-]{section.16.13}{Exercises}{chapter.16}% 209
\BOOKMARK [0][-]{chapter.17}{Inheritance}{}% 210
\BOOKMARK [1][-]{section.17.1}{Card objects}{chapter.17}% 211
\BOOKMARK [1][-]{section.17.2}{Class attributes}{chapter.17}% 212
\BOOKMARK [1][-]{section.17.3}{Comparing cards}{chapter.17}% 213
\BOOKMARK [1][-]{section.17.4}{Decks}{chapter.17}% 214
\BOOKMARK [1][-]{section.17.5}{Printing the deck}{chapter.17}% 215
\BOOKMARK [1][-]{section.17.6}{Add, remove, shuffle and sort}{chapter.17}% 216
\BOOKMARK [1][-]{section.17.7}{Inheritance}{chapter.17}% 217
\BOOKMARK [1][-]{section.17.8}{Class diagrams}{chapter.17}% 218
\BOOKMARK [1][-]{section.17.9}{Debugging}{chapter.17}% 219
\BOOKMARK [1][-]{section.17.10}{Data encapsulation}{chapter.17}% 220
\BOOKMARK [1][-]{section.17.11}{Glossary}{chapter.17}% 221
\BOOKMARK [1][-]{section.17.12}{Exercises}{chapter.17}% 222
\BOOKMARK [0][-]{chapter.18}{Case study: Tkinter}{}% 223
\BOOKMARK [1][-]{section.18.1}{GUI}{chapter.18}% 224
\BOOKMARK [1][-]{section.18.2}{Buttons and callbacks}{chapter.18}% 225
\BOOKMARK [1][-]{section.18.3}{Canvas widgets}{chapter.18}% 226
\BOOKMARK [1][-]{section.18.4}{Coordinate sequences}{chapter.18}% 227
\BOOKMARK [1][-]{section.18.5}{More widgets}{chapter.18}% 228
\BOOKMARK [1][-]{section.18.6}{Packing widgets}{chapter.18}% 229
\BOOKMARK [1][-]{section.18.7}{Menus and Callables}{chapter.18}% 230
\BOOKMARK [1][-]{section.18.8}{Binding}{chapter.18}% 231
\BOOKMARK [1][-]{section.18.9}{Debugging}{chapter.18}% 232
\BOOKMARK [1][-]{section.18.10}{Glossary}{chapter.18}% 233
\BOOKMARK [1][-]{section.18.11}{Exercises}{chapter.18}% 234
\BOOKMARK [0][-]{appendix.A}{Debugging}{}% 235
\BOOKMARK [1][-]{section.A.1}{Syntax errors}{appendix.A}% 236
\BOOKMARK [1][-]{section.A.2}{Runtime errors}{appendix.A}% 237
\BOOKMARK [1][-]{section.A.3}{Semantic errors}{appendix.A}% 238
\BOOKMARK [0][-]{appendix.B}{Analysis of Algorithms}{}% 239
\BOOKMARK [1][-]{section.B.1}{Order of growth}{appendix.B}% 240
\BOOKMARK [1][-]{section.B.2}{Analysis of basic Python operations}{appendix.B}% 241
\BOOKMARK [1][-]{section.B.3}{Analysis of search algorithms}{appendix.B}% 242
\BOOKMARK [1][-]{section.B.4}{Hashtables}{appendix.B}% 243
\BOOKMARK [0][-]{appendix.C}{Lumpy}{}% 244
\BOOKMARK [1][-]{section.C.1}{State diagram}{appendix.C}% 245
\BOOKMARK [1][-]{section.C.2}{Stack diagram}{appendix.C}% 246
\BOOKMARK [1][-]{section.C.3}{Object diagrams}{appendix.C}% 247
\BOOKMARK [1][-]{section.C.4}{Function and class objects}{appendix.C}% 248
\BOOKMARK [1][-]{section.C.5}{Class Diagrams}{appendix.C}% 249
